<?xml version="1.0" encoding="UTF-8"?>
<!-- Generated by org.testng.reporters.JUnitReportReporter -->
<testsuite hostname="DESKTOP-J8UQEBL" name="com.cmi.business.RunBatch" tests="1" failures="0" timestamp="9 Apr 2019 03:28:45 GMT" time="133.816" errors="0">
  <testcase name="excute" time="133.816" classname="com.cmi.business.RunBatch"/>
</testsuite> <!-- com.cmi.business.RunBatch -->
